<?xml version="1.0" encoding="UTF-8"?>
<!-- Generated by org.testng.reporters.JUnitXMLReporter -->
<testsuite ignored="0" hostname="Jays-MBP-2.attlocal.net" failures="0" tests="9" name="Test" time="0.019" errors="0" timestamp="2023-06-29T11:44:18 EDT">
  <testcase classname="package_01.testngXml4" name="method7" time="0.003"/>
  <testcase classname="package_01.testngXml4" name="method8" time="0.0"/>
  <testcase classname="package_01.testngXml" name="method1" time="0.001"/>
  <testcase classname="package_01.testngXml" name="method2" time="0.0"/>
  <testcase classname="package_01.testngXml2" name="method3" time="0.0"/>
  <testcase classname="package_01.testngXml2" name="method4" time="0.0"/>
  <testcase classname="package_01.testngXml3" name="method5" time="0.001"/>
  <testcase classname="package_01.testngXml3" name="method6" time="0.0"/>
  <testcase classname="package_01.testng_01" name="sayHello" time="0.0"/>
</testsuite> <!-- Test -->
