<?xml version="1.0" encoding="UTF-8"?>
<!-- Generated by org.testng.reporters.JUnitXMLReporter -->
<testsuite ignored="2" hostname="Jays-MBP-2.attlocal.net" failures="0" tests="2" name="Test" time="0.015" errors="0" timestamp="2023-06-29T12:34:28 EDT">
  <testcase classname="package_01.groups" name="method1" time="0.003"/>
  <testcase classname="package_01.groups2" name="method11" time="0.001"/>
  <testcase classname="package_01.groups" name="method2" time="0.0">
    <ignored/>
  </testcase> <!-- method2 -->
  <testcase classname="package_01.groups2" name="method22" time="0.0">
    <ignored/>
  </testcase> <!-- method22 -->
</testsuite> <!-- Test -->
