<?xml version="1.0" encoding="UTF-8"?>
<testng-results ignored="2" total="4" passed="2" failed="0" skipped="0">
  <reporter-output>
  </reporter-output>
  <suite started-at="2023-06-29T12:34:28 EDT" name="Suite" finished-at="2023-06-29T12:34:28 EDT" duration-ms="15">
    <groups>
      <group name="regression">
        <method signature="groups.method1()[pri:0, instance:package_01.groups@7a675056]" name="method1" class="package_01.groups"/>
        <method signature="groups2.method11()[pri:0, instance:package_01.groups2@d21a74c]" name="method11" class="package_01.groups2"/>
      </group> <!-- regression -->
      <group name="smoke">
        <method signature="groups.method1()[pri:0, instance:package_01.groups@7a675056]" name="method1" class="package_01.groups"/>
        <method signature="groups2.method11()[pri:0, instance:package_01.groups2@d21a74c]" name="method11" class="package_01.groups2"/>
      </group> <!-- smoke -->
    </groups>
    <test started-at="2023-06-29T12:34:28 EDT" name="Test" finished-at="2023-06-29T12:34:28 EDT" duration-ms="15">
      <class name="package_01.groups">
        <test-method signature="method1()[pri:0, instance:package_01.groups@7a675056]" started-at="2023-06-29T12:34:28 EDT" name="method1" finished-at="2023-06-29T12:34:28 EDT" duration-ms="3" status="PASS">
          <reporter-output>
          </reporter-output>
        </test-method> <!-- method1 -->
      </class> <!-- package_01.groups -->
      <class name="package_01.groups2">
        <test-method signature="method11()[pri:0, instance:package_01.groups2@d21a74c]" started-at="2023-06-29T12:34:28 EDT" name="method11" finished-at="2023-06-29T12:34:28 EDT" duration-ms="1" status="PASS">
          <reporter-output>
          </reporter-output>
        </test-method> <!-- method11 -->
      </class> <!-- package_01.groups2 -->
    </test> <!-- Test -->
  </suite> <!-- Suite -->
</testng-results>
